\BOOKMARK [1][-]{section.1}{Task Definition}{}% 1
\BOOKMARK [1][-]{section.2}{Infrastructure}{}% 2
\BOOKMARK [2][-]{subsection.2.1}{Actions}{section.2}% 3
\BOOKMARK [2][-]{subsection.2.2}{Terrain}{section.2}% 4
\BOOKMARK [2][-]{subsection.2.3}{Initial State}{section.2}% 5
\BOOKMARK [2][-]{subsection.2.4}{End State}{section.2}% 6
\BOOKMARK [2][-]{subsection.2.5}{Rewards and Transitions}{section.2}% 7
\BOOKMARK [1][-]{section.3}{Models and different Approaches}{}% 8
\BOOKMARK [2][-]{subsection.3.1}{DQN Introduction}{section.3}% 9
\BOOKMARK [2][-]{subsection.3.2}{Full DQN}{section.3}% 10
\BOOKMARK [2][-]{subsection.3.3}{Double DQN}{section.3}% 11
\BOOKMARK [2][-]{subsection.3.4}{Dueling layer DQN}{section.3}% 12
\BOOKMARK [1][-]{section.4}{Experiments and Evaluation}{}% 13
\BOOKMARK [2][-]{subsection.4.1}{ Baselines}{section.4}% 14
\BOOKMARK [2][-]{subsection.4.2}{ Training}{section.4}% 15
\BOOKMARK [2][-]{subsection.4.3}{ Hyperparameter Tuning}{section.4}% 16
\BOOKMARK [2][-]{subsection.4.4}{ Analysis}{section.4}% 17
\BOOKMARK [2][-]{subsection.4.5}{ Model Evaluation}{section.4}% 18
\BOOKMARK [1][-]{section.5}{Conclusion}{}% 19
\BOOKMARK [1][-]{section.6}{Codalab Link}{}% 20
